<?xml version="1.0" encoding="UTF-8"?>
<!-- Generated by org.testng.reporters.JUnitXMLReporter -->
<testsuite hostname="DESKTOP-S8J8GPP" ignored="0" name="Default test" tests="3" failures="0" timestamp="07 May 2019 16:44:51 GMT" time="134.465" errors="0">
  <testcase name="validateCreateNewContact" time="5.727" classname="com.crm.qa.testes.ContacsPageTest"/>
  <testcase name="validateCreateNewContact" time="5.866" classname="com.crm.qa.testes.ContacsPageTest"/>
  <testcase name="validateCreateNewContact" time="8.465" classname="com.crm.qa.testes.ContacsPageTest"/>
</testsuite> <!-- Default test -->
