<?xml version="1.0" encoding="UTF-8"?>
<!-- Generated by org.testng.reporters.JUnitXMLReporter -->
<testsuite hostname="DESKTOP-S8J8GPP" ignored="0" name="Test" tests="3" failures="0" timestamp="07 May 2019 11:50:03 GMT" time="44.636" errors="0">
  <testcase name="loginPageTitleTest" time="0.028" classname="com.crm.qa.testes.LoginTest"/>
  <testcase name="crmLogoImageTest" time="0.049" classname="com.crm.qa.testes.LoginTest"/>
  <testcase name="loginTest" time="6.483" classname="com.crm.qa.testes.LoginTest"/>
</testsuite> <!-- Test -->
