<?xml version="1.0" encoding="UTF-8"?>
<!-- Generated by org.testng.reporters.JUnitXMLReporter -->
<testsuite hostname="DESKTOP-S8J8GPP" ignored="0" name="Command line test" tests="3" failures="0" timestamp="07 May 2019 12:03:00 GMT" time="81.12" errors="0">
  <testcase name="loginPageTitleTest" time="0.031" classname="com.crm.qa.testes.LoginTest"/>
  <testcase name="crmLogoImageTest" time="0.179" classname="com.crm.qa.testes.LoginTest"/>
  <testcase name="loginTest" time="5.583" classname="com.crm.qa.testes.LoginTest"/>
</testsuite> <!-- Command line test -->
