<?xml version="1.0" encoding="UTF-8"?>
<testng-results skipped="0" failed="0" ignored="0" total="3" passed="3">
  <reporter-output>
  </reporter-output>
  <suite name="Default suite" duration-ms="134465" started-at="2019-05-07T16:42:37Z" finished-at="2019-05-07T16:44:51Z">
    <groups>
    </groups>
    <test name="Default test" duration-ms="134465" started-at="2019-05-07T16:42:37Z" finished-at="2019-05-07T16:44:51Z">
      <class name="com.crm.qa.testes.ContacsPageTest">
        <test-method status="PASS" signature="setUp()[pri:0, instance:com.crm.qa.testes.ContacsPageTest@49993335]" name="setUp" is-config="true" duration-ms="42932" started-at="2019-05-07T22:12:38Z" finished-at="2019-05-07T22:13:20Z">
          <reporter-output>
          </reporter-output>
        </test-method> <!-- setUp -->
        <test-method status="PASS" signature="validateCreateNewContact(java.lang.String, java.lang.String, java.lang.String, java.lang.String)[pri:0, instance:com.crm.qa.testes.ContacsPageTest@49993335]" name="validateCreateNewContact" duration-ms="5727" started-at="2019-05-07T22:13:20Z" data-provider="getCRMTestData" finished-at="2019-05-07T22:13:26Z">
          <params>
            <param index="0">
              <value>
                <![CDATA[Mr.]]>
              </value>
            </param>
            <param index="1">
              <value>
                <![CDATA[Tom]]>
              </value>
            </param>
            <param index="2">
              <value>
                <![CDATA[Peter]]>
              </value>
            </param>
            <param index="3">
              <value>
                <![CDATA[Google]]>
              </value>
            </param>
          </params>
          <reporter-output>
          </reporter-output>
        </test-method> <!-- validateCreateNewContact -->
        <test-method status="PASS" signature="TearDown()[pri:0, instance:com.crm.qa.testes.ContacsPageTest@49993335]" name="TearDown" is-config="true" duration-ms="1213" started-at="2019-05-07T22:13:26Z" finished-at="2019-05-07T22:13:27Z">
          <reporter-output>
          </reporter-output>
        </test-method> <!-- TearDown -->
        <test-method status="PASS" signature="setUp()[pri:0, instance:com.crm.qa.testes.ContacsPageTest@49993335]" name="setUp" is-config="true" duration-ms="34689" started-at="2019-05-07T22:13:27Z" finished-at="2019-05-07T22:14:02Z">
          <reporter-output>
          </reporter-output>
        </test-method> <!-- setUp -->
        <test-method status="PASS" signature="validateCreateNewContact(java.lang.String, java.lang.String, java.lang.String, java.lang.String)[pri:0, instance:com.crm.qa.testes.ContacsPageTest@49993335]" name="validateCreateNewContact" duration-ms="5866" started-at="2019-05-07T22:14:02Z" data-provider="getCRMTestData" finished-at="2019-05-07T22:14:08Z">
          <params>
            <param index="0">
              <value>
                <![CDATA[Dr.]]>
              </value>
            </param>
            <param index="1">
              <value>
                <![CDATA[David]]>
              </value>
            </param>
            <param index="2">
              <value>
                <![CDATA[Cris]]>
              </value>
            </param>
            <param index="3">
              <value>
                <![CDATA[Amazon]]>
              </value>
            </param>
          </params>
          <reporter-output>
          </reporter-output>
        </test-method> <!-- validateCreateNewContact -->
        <test-method status="PASS" signature="TearDown()[pri:0, instance:com.crm.qa.testes.ContacsPageTest@49993335]" name="TearDown" is-config="true" duration-ms="951" started-at="2019-05-07T22:14:08Z" finished-at="2019-05-07T22:14:09Z">
          <reporter-output>
          </reporter-output>
        </test-method> <!-- TearDown -->
        <test-method status="PASS" signature="setUp()[pri:0, instance:com.crm.qa.testes.ContacsPageTest@49993335]" name="setUp" is-config="true" duration-ms="32839" started-at="2019-05-07T22:14:09Z" finished-at="2019-05-07T22:14:42Z">
          <reporter-output>
          </reporter-output>
        </test-method> <!-- setUp -->
        <test-method status="PASS" signature="validateCreateNewContact(java.lang.String, java.lang.String, java.lang.String, java.lang.String)[pri:0, instance:com.crm.qa.testes.ContacsPageTest@49993335]" name="validateCreateNewContact" duration-ms="8465" started-at="2019-05-07T22:14:42Z" data-provider="getCRMTestData" finished-at="2019-05-07T22:14:50Z">
          <params>
            <param index="0">
              <value>
                <![CDATA[Mrs.]]>
              </value>
            </param>
            <param index="1">
              <value>
                <![CDATA[Mukta]]>
              </value>
            </param>
            <param index="2">
              <value>
                <![CDATA[Sharma]]>
              </value>
            </param>
            <param index="3">
              <value>
                <![CDATA[Ebay]]>
              </value>
            </param>
          </params>
          <reporter-output>
          </reporter-output>
        </test-method> <!-- validateCreateNewContact -->
        <test-method status="PASS" signature="TearDown()[pri:0, instance:com.crm.qa.testes.ContacsPageTest@49993335]" name="TearDown" is-config="true" duration-ms="930" started-at="2019-05-07T22:14:50Z" finished-at="2019-05-07T22:14:51Z">
          <reporter-output>
          </reporter-output>
        </test-method> <!-- TearDown -->
      </class> <!-- com.crm.qa.testes.ContacsPageTest -->
    </test> <!-- Default test -->
  </suite> <!-- Default suite -->
</testng-results>
