<?xml version="1.0" encoding="UTF-8"?>
<testng-results skipped="0" failed="0" ignored="0" total="3" passed="3">
  <reporter-output>
  </reporter-output>
  <suite name="Suite" duration-ms="44636" started-at="2019-05-07T11:49:18Z" finished-at="2019-05-07T11:50:03Z">
    <groups>
    </groups>
    <test name="Test" duration-ms="44636" started-at="2019-05-07T11:49:18Z" finished-at="2019-05-07T11:50:03Z">
      <class name="com.crm.qa.testes.LoginTest">
        <test-method status="PASS" signature="setUp()[pri:0, instance:com.crm.qa.testes.LoginTest@5bcab519]" name="setUp" is-config="true" duration-ms="13472" started-at="2019-05-07T17:19:19Z" finished-at="2019-05-07T17:19:32Z">
          <reporter-output>
          </reporter-output>
        </test-method> <!-- setUp -->
        <test-method status="PASS" signature="loginPageTitleTest()[pri:1, instance:com.crm.qa.testes.LoginTest@5bcab519]" name="loginPageTitleTest" duration-ms="28" started-at="2019-05-07T17:19:32Z" finished-at="2019-05-07T17:19:32Z">
          <reporter-output>
          </reporter-output>
        </test-method> <!-- loginPageTitleTest -->
        <test-method status="PASS" signature="tearDown()[pri:0, instance:com.crm.qa.testes.LoginTest@5bcab519]" name="tearDown" is-config="true" duration-ms="898" started-at="2019-05-07T17:19:32Z" finished-at="2019-05-07T17:19:33Z">
          <reporter-output>
          </reporter-output>
        </test-method> <!-- tearDown -->
        <test-method status="PASS" signature="setUp()[pri:0, instance:com.crm.qa.testes.LoginTest@5bcab519]" name="setUp" is-config="true" duration-ms="11068" started-at="2019-05-07T17:19:33Z" finished-at="2019-05-07T17:19:44Z">
          <reporter-output>
          </reporter-output>
        </test-method> <!-- setUp -->
        <test-method status="PASS" signature="crmLogoImageTest()[pri:2, instance:com.crm.qa.testes.LoginTest@5bcab519]" name="crmLogoImageTest" duration-ms="49" started-at="2019-05-07T17:19:44Z" finished-at="2019-05-07T17:19:44Z">
          <reporter-output>
          </reporter-output>
        </test-method> <!-- crmLogoImageTest -->
        <test-method status="PASS" signature="tearDown()[pri:0, instance:com.crm.qa.testes.LoginTest@5bcab519]" name="tearDown" is-config="true" duration-ms="912" started-at="2019-05-07T17:19:44Z" finished-at="2019-05-07T17:19:45Z">
          <reporter-output>
          </reporter-output>
        </test-method> <!-- tearDown -->
        <test-method status="PASS" signature="setUp()[pri:0, instance:com.crm.qa.testes.LoginTest@5bcab519]" name="setUp" is-config="true" duration-ms="10739" started-at="2019-05-07T17:19:45Z" finished-at="2019-05-07T17:19:56Z">
          <reporter-output>
          </reporter-output>
        </test-method> <!-- setUp -->
        <test-method status="PASS" signature="loginTest()[pri:3, instance:com.crm.qa.testes.LoginTest@5bcab519]" name="loginTest" duration-ms="6483" started-at="2019-05-07T17:19:56Z" finished-at="2019-05-07T17:20:02Z">
          <reporter-output>
          </reporter-output>
        </test-method> <!-- loginTest -->
        <test-method status="PASS" signature="tearDown()[pri:0, instance:com.crm.qa.testes.LoginTest@5bcab519]" name="tearDown" is-config="true" duration-ms="940" started-at="2019-05-07T17:20:02Z" finished-at="2019-05-07T17:20:03Z">
          <reporter-output>
          </reporter-output>
        </test-method> <!-- tearDown -->
      </class> <!-- com.crm.qa.testes.LoginTest -->
    </test> <!-- Test -->
  </suite> <!-- Suite -->
</testng-results>
